-------------------------------------------------------------------------------
Test set: com.eficode.buggywebservice.controller.EmployeeInformationControllerTest
-------------------------------------------------------------------------------
Tests run: 1, Failures: 1, Errors: 0, Skipped: 0, Time elapsed: 32.467 sec <<< FAILURE! - in com.eficode.buggywebservice.controller.EmployeeInformationControllerTest
testFindAll(com.eficode.buggywebservice.controller.EmployeeInformationControllerTest)  Time elapsed: 30.444 sec  <<< FAILURE!
java.lang.AssertionError: 
Expected: is <200>
     but: was <500>
	at org.hamcrest.MatcherAssert.assertThat(MatcherAssert.java:20)
	at org.junit.Assert.assertThat(Assert.java:956)
	at org.junit.Assert.assertThat(Assert.java:923)
	at com.eficode.buggywebservice.controller.EmployeeInformationControllerTest.testFindAll(EmployeeInformationControllerTest.java:30)

