-------------------------------------------------------------------------------
Test set: com.eficode.buggywebservice.repository.LoginRepositoryTest
-------------------------------------------------------------------------------
Tests run: 1, Failures: 0, Errors: 1, Skipped: 0, Time elapsed: 29.988 sec <<< FAILURE! - in com.eficode.buggywebservice.repository.LoginRepositoryTest
testInsertAndSelect(com.eficode.buggywebservice.repository.LoginRepositoryTest)  Time elapsed: 29.987 sec  <<< ERROR!
org.springframework.dao.DataAccessResourceFailureException: Timed out after 30000 ms while waiting for a server that matches WritableServerSelector. Client view of cluster state is {type=UNKNOWN, servers=[{address=localhost:27017, type=UNKNOWN, state=CONNECTING, exception={com.mongodb.MongoSocketOpenException: Exception opening socket}, caused by {java.net.ConnectException: Connection refused (Connection refused)}}]; nested exception is com.mongodb.MongoTimeoutException: Timed out after 30000 ms while waiting for a server that matches WritableServerSelector. Client view of cluster state is {type=UNKNOWN, servers=[{address=localhost:27017, type=UNKNOWN, state=CONNECTING, exception={com.mongodb.MongoSocketOpenException: Exception opening socket}, caused by {java.net.ConnectException: Connection refused (Connection refused)}}]
	at com.mongodb.connection.BaseCluster.createTimeoutException(BaseCluster.java:377)
	at com.mongodb.connection.BaseCluster.selectServer(BaseCluster.java:104)
	at com.mongodb.binding.ClusterBinding$ClusterBindingConnectionSource.<init>(ClusterBinding.java:75)
	at com.mongodb.binding.ClusterBinding$ClusterBindingConnectionSource.<init>(ClusterBinding.java:71)
	at com.mongodb.binding.ClusterBinding.getWriteConnectionSource(ClusterBinding.java:68)
	at com.mongodb.operation.OperationHelper.withConnection(OperationHelper.java:411)
	at com.mongodb.operation.BaseWriteOperation.execute(BaseWriteOperation.java:133)
	at com.mongodb.operation.BaseWriteOperation.execute(BaseWriteOperation.java:60)
	at com.mongodb.Mongo.execute(Mongo.java:845)
	at com.mongodb.Mongo$2.execute(Mongo.java:828)
	at com.mongodb.DBCollection.executeWriteOperation(DBCollection.java:342)
	at com.mongodb.DBCollection.insert(DBCollection.java:337)
	at com.mongodb.DBCollection.insert(DBCollection.java:328)
	at com.mongodb.DBCollection.insert(DBCollection.java:298)
	at com.mongodb.DBCollection.insert(DBCollection.java:264)
	at com.mongodb.DBCollection.insert(DBCollection.java:201)
	at org.springframework.data.mongodb.core.MongoTemplate$9.doInCollection(MongoTemplate.java:1051)
	at org.springframework.data.mongodb.core.MongoTemplate.execute(MongoTemplate.java:479)
	at org.springframework.data.mongodb.core.MongoTemplate.insertDBObject(MongoTemplate.java:1046)
	at org.springframework.data.mongodb.core.MongoTemplate.doInsert(MongoTemplate.java:855)
	at org.springframework.data.mongodb.core.MongoTemplate.insert(MongoTemplate.java:796)
	at org.springframework.data.mongodb.repository.support.SimpleMongoRepository.insert(SimpleMongoRepository.java:243)
	at sun.reflect.NativeMethodAccessorImpl.invoke0(Native Method)
	at sun.reflect.NativeMethodAccessorImpl.invoke(NativeMethodAccessorImpl.java:62)
	at sun.reflect.DelegatingMethodAccessorImpl.invoke(DelegatingMethodAccessorImpl.java:43)
	at java.lang.reflect.Method.invoke(Method.java:498)
	at org.springframework.data.repository.core.support.RepositoryFactorySupport$QueryExecutorMethodInterceptor.executeMethodOn(RepositoryFactorySupport.java:504)
	at org.springframework.data.repository.core.support.RepositoryFactorySupport$QueryExecutorMethodInterceptor.doInvoke(RepositoryFactorySupport.java:489)
	at org.springframework.data.repository.core.support.RepositoryFactorySupport$QueryExecutorMethodInterceptor.invoke(RepositoryFactorySupport.java:461)
	at org.springframework.aop.framework.ReflectiveMethodInvocation.proceed(ReflectiveMethodInvocation.java:179)
	at org.springframework.data.projection.DefaultMethodInvokingMethodInterceptor.invoke(DefaultMethodInvokingMethodInterceptor.java:61)
	at org.springframework.aop.framework.ReflectiveMethodInvocation.proceed(ReflectiveMethodInvocation.java:179)
	at org.springframework.aop.interceptor.ExposeInvocationInterceptor.invoke(ExposeInvocationInterceptor.java:92)
	at org.springframework.aop.framework.ReflectiveMethodInvocation.proceed(ReflectiveMethodInvocation.java:179)
	at org.springframework.data.repository.core.support.SurroundingTransactionDetectorMethodInterceptor.invoke(SurroundingTransactionDetectorMethodInterceptor.java:57)
	at org.springframework.aop.framework.ReflectiveMethodInvocation.proceed(ReflectiveMethodInvocation.java:179)
	at org.springframework.aop.framework.JdkDynamicAopProxy.invoke(JdkDynamicAopProxy.java:213)
	at com.sun.proxy.$Proxy75.insert(Unknown Source)
	at com.eficode.buggywebservice.repository.LoginRepositoryTest.testInsertAndSelect(LoginRepositoryTest.java:29)

