<?xml version="1.0" encoding="UTF-8"?>
<testsuite name="com.eficode.buggywebservice.repository.LoginRepositoryTest" time="29.987" tests="1" errors="1" skipped="0" failures="0">
  <properties>
[...]
</properties>
  <testcase name="testInsertAndSelect" classname="com.eficode.buggywebservice.repository.LoginRepositoryTest" time="29.987">
    <error message="Timed out after 30000 ms while waiting for a server that matches WritableServerSelector. Client view of cluster state is {type=UNKNOWN, servers=[{address=localhost:27017, type=UNKNOWN, state=CONNECTING, exception={com.mongodb.MongoSocketOpenException: Exception opening socket}, caused by {java.net.ConnectException: Connection refused (Connection refused)}}]; nested exception is com.mongodb.MongoTimeoutException: Timed out after 30000 ms while waiting for a server that matches WritableServerSelector. Client view of cluster state is {type=UNKNOWN, servers=[{address=localhost:27017, type=UNKNOWN, state=CONNECTING, exception={com.mongodb.MongoSocketOpenException: Exception opening socket}, caused by {java.net.ConnectException: Connection refused (Connection refused)}}]" type="org.springframework.dao.DataAccessResourceFailureException"><![CDATA[org.springframework.dao.DataAccessResourceFailureException: Timed out after 30000 ms while waiting for a server that matches WritableServerSelector. Client view of cluster state is {type=UNKNOWN, servers=[{address=localhost:27017, type=UNKNOWN, state=CONNECTING, exception={com.mongodb.MongoSocketOpenException: Exception opening socket}, caused by {java.net.ConnectException: Connection refused (Connection refused)}}]; nested exception is com.mongodb.MongoTimeoutException: Timed out after 30000 ms while waiting for a server that matches WritableServerSelector. Client view of cluster state is {type=UNKNOWN, servers=[{address=localhost:27017, type=UNKNOWN, state=CONNECTING, exception={com.mongodb.MongoSocketOpenException: Exception opening socket}, caused by {java.net.ConnectException: Connection refused (Connection refused)}}]
	at com.mongodb.connection.BaseCluster.createTimeoutException(BaseCluster.java:377)
	at com.mongodb.connection.BaseCluster.selectServer(BaseCluster.java:104)
	at com.mongodb.binding.ClusterBinding$ClusterBindingConnectionSource.<init>(ClusterBinding.java:75)
	at com.mongodb.binding.ClusterBinding$ClusterBindingConnectionSource.<init>(ClusterBinding.java:71)
	at com.mongodb.binding.ClusterBinding.getWriteConnectionSource(ClusterBinding.java:68)
	at com.mongodb.operation.OperationHelper.withConnection(OperationHelper.java:411)
	at com.mongodb.operation.BaseWriteOperation.execute(BaseWriteOperation.java:133)
	at com.mongodb.operation.BaseWriteOperation.execute(BaseWriteOperation.java:60)
	at com.mongodb.Mongo.execute(Mongo.java:845)
	at com.mongodb.Mongo$2.execute(Mongo.java:828)
	at com.mongodb.DBCollection.executeWriteOperation(DBCollection.java:342)
	at com.mongodb.DBCollection.insert(DBCollection.java:337)
	at com.mongodb.DBCollection.insert(DBCollection.java:328)
	at com.mongodb.DBCollection.insert(DBCollection.java:298)
	at com.mongodb.DBCollection.insert(DBCollection.java:264)
	at com.mongodb.DBCollection.insert(DBCollection.java:201)
	at org.springframework.data.mongodb.core.MongoTemplate$9.doInCollection(MongoTemplate.java:1051)
	at org.springframework.data.mongodb.core.MongoTemplate.execute(MongoTemplate.java:479)
	at org.springframework.data.mongodb.core.MongoTemplate.insertDBObject(MongoTemplate.java:1046)
	at org.springframework.data.mongodb.core.MongoTemplate.doInsert(MongoTemplate.java:855)
	at org.springframework.data.mongodb.core.MongoTemplate.insert(MongoTemplate.java:796)
	at org.springframework.data.mongodb.repository.support.SimpleMongoRepository.insert(SimpleMongoRepository.java:243)
	at sun.reflect.NativeMethodAccessorImpl.invoke0(Native Method)
	at sun.reflect.NativeMethodAccessorImpl.invoke(NativeMethodAccessorImpl.java:62)
	at sun.reflect.DelegatingMethodAccessorImpl.invoke(DelegatingMethodAccessorImpl.java:43)
	at java.lang.reflect.Method.invoke(Method.java:498)
	at org.springframework.data.repository.core.support.RepositoryFactorySupport$QueryExecutorMethodInterceptor.executeMethodOn(RepositoryFactorySupport.java:504)
	at org.springframework.data.repository.core.support.RepositoryFactorySupport$QueryExecutorMethodInterceptor.doInvoke(RepositoryFactorySupport.java:489)
	at org.springframework.data.repository.core.support.RepositoryFactorySupport$QueryExecutorMethodInterceptor.invoke(RepositoryFactorySupport.java:461)
	at org.springframework.aop.framework.ReflectiveMethodInvocation.proceed(ReflectiveMethodInvocation.java:179)
	at org.springframework.data.projection.DefaultMethodInvokingMethodInterceptor.invoke(DefaultMethodInvokingMethodInterceptor.java:61)
	at org.springframework.aop.framework.ReflectiveMethodInvocation.proceed(ReflectiveMethodInvocation.java:179)
	at org.springframework.aop.interceptor.ExposeInvocationInterceptor.invoke(ExposeInvocationInterceptor.java:92)
	at org.springframework.aop.framework.ReflectiveMethodInvocation.proceed(ReflectiveMethodInvocation.java:179)
	at org.springframework.data.repository.core.support.SurroundingTransactionDetectorMethodInterceptor.invoke(SurroundingTransactionDetectorMethodInterceptor.java:57)
	at org.springframework.aop.framework.ReflectiveMethodInvocation.proceed(ReflectiveMethodInvocation.java:179)
	at org.springframework.aop.framework.JdkDynamicAopProxy.invoke(JdkDynamicAopProxy.java:213)
	at com.sun.proxy.$Proxy75.insert(Unknown Source)
	at com.eficode.buggywebservice.repository.LoginRepositoryTest.testInsertAndSelect(LoginRepositoryTest.java:29)
]]></error>
    <system-out><![CDATA[2017-03-28 13:17:15.016  INFO 8335 --- [           main] .b.t.c.SpringBootTestContextBootstrapper : Neither @ContextConfiguration nor @ContextHierarchy found for test class [com.eficode.buggywebservice.repository.LoginRepositoryTest], using SpringBootContextLoader
2017-03-28 13:17:15.017  INFO 8335 --- [           main] o.s.t.c.support.AbstractContextLoader    : Could not detect default resource locations for test class [com.eficode.buggywebservice.repository.LoginRepositoryTest]: no resource found for suffixes {-context.xml, Context.groovy}.
2017-03-28 13:17:15.017  INFO 8335 --- [           main] t.c.s.AnnotationConfigContextLoaderUtils : Could not detect default configuration classes for test class [com.eficode.buggywebservice.repository.LoginRepositoryTest]: LoginRepositoryTest does not declare any static, non-private, non-final, nested classes annotated with @Configuration.
2017-03-28 13:17:15.022  INFO 8335 --- [           main] .b.t.c.SpringBootTestContextBootstrapper : Found @SpringBootConfiguration com.eficode.buggywebservice.CodereviewApplication for test class com.eficode.buggywebservice.repository.LoginRepositoryTest
2017-03-28 13:17:15.024  INFO 8335 --- [           main] .b.t.c.SpringBootTestContextBootstrapper : Loaded default TestExecutionListener class names from location [META-INF/spring.factories]: [org.springframework.boot.test.mock.mockito.MockitoTestExecutionListener, org.springframework.boot.test.mock.mockito.ResetMocksTestExecutionListener, org.springframework.boot.test.autoconfigure.restdocs.RestDocsTestExecutionListener, org.springframework.boot.test.autoconfigure.web.client.MockRestServiceServerResetTestExecutionListener, org.springframework.boot.test.autoconfigure.web.servlet.MockMvcPrintOnlyOnFailureTestExecutionListener, org.springframework.boot.test.autoconfigure.web.servlet.WebDriverTestExecutionListener, org.springframework.test.context.web.ServletTestExecutionListener, org.springframework.test.context.support.DirtiesContextBeforeModesTestExecutionListener, org.springframework.test.context.support.DependencyInjectionTestExecutionListener, org.springframework.test.context.support.DirtiesContextTestExecutionListener, org.springframework.test.context.transaction.TransactionalTestExecutionListener, org.springframework.test.context.jdbc.SqlScriptsTestExecutionListener]
2017-03-28 13:17:15.028  INFO 8335 --- [           main] .b.t.c.SpringBootTestContextBootstrapper : Using TestExecutionListeners: [org.springframework.test.context.web.ServletTestExecutionListener@583fb274, org.springframework.test.context.support.DirtiesContextBeforeModesTestExecutionListener@202ae86f, org.springframework.boot.test.autoconfigure.SpringBootDependencyInjectionTestExecutionListener@1989e8c6, org.springframework.test.context.support.DirtiesContextTestExecutionListener@35c4697c, org.springframework.test.context.transaction.TransactionalTestExecutionListener@104dc1a2, org.springframework.test.context.jdbc.SqlScriptsTestExecutionListener@67d32a54, org.springframework.boot.test.mock.mockito.MockitoTestExecutionListener@314a31b0, org.springframework.boot.test.autoconfigure.web.client.MockRestServiceServerResetTestExecutionListener@2753316c, org.springframework.boot.test.autoconfigure.web.servlet.MockMvcPrintOnlyOnFailureTestExecutionListener@59edb4f5, org.springframework.boot.test.mock.mockito.ResetMocksTestExecutionListener@2792b416, org.springframework.boot.test.autoconfigure.web.servlet.WebDriverTestExecutionListener@4735d6e5, org.springframework.boot.test.autoconfigure.restdocs.RestDocsTestExecutionListener@79d3473e]
2017-03-28 13:17:15.059  INFO 8335 --- [           main] org.mongodb.driver.cluster               : No server chosen by WritableServerSelector from cluster description ClusterDescription{type=UNKNOWN, connectionMode=SINGLE, serverDescriptions=[ServerDescription{address=localhost:27017, type=UNKNOWN, state=CONNECTING, exception={com.mongodb.MongoSocketOpenException: Exception opening socket}, caused by {java.net.ConnectException: Connection refused (Connection refused)}}]}. Waiting for 30000 ms before timing out
]]></system-out>
  </testcase>
</testsuite>