<?xml version="1.0" encoding="UTF-8"?>
<testsuite name="com.eficode.buggywebservice.controller.EmployeeInformationControllerTest" time="30.444" tests="1" errors="0" skipped="0" failures="1">
  <properties>
[...]
</properties>
  <testcase name="testFindAll" classname="com.eficode.buggywebservice.controller.EmployeeInformationControllerTest" time="30.444">
    <failure message="&#10;Expected: is &lt;200&gt;&#10;     but: was &lt;500&gt;" type="java.lang.AssertionError"><![CDATA[java.lang.AssertionError: 
Expected: is <200>
     but: was <500>
	at org.hamcrest.MatcherAssert.assertThat(MatcherAssert.java:20)
	at org.junit.Assert.assertThat(Assert.java:956)
	at org.junit.Assert.assertThat(Assert.java:923)
	at com.eficode.buggywebservice.controller.EmployeeInformationControllerTest.testFindAll(EmployeeInformationControllerTest.java:30)
]]></failure>
    <system-out><![CDATA[2017-03-28 13:16:42.533  INFO 8335 --- [           main] .b.t.c.SpringBootTestContextBootstrapper : Neither @ContextConfiguration nor @ContextHierarchy found for test class [com.eficode.buggywebservice.controller.EmployeeInformationControllerTest], using SpringBootContextLoader
2017-03-28 13:16:42.536  INFO 8335 --- [           main] o.s.t.c.support.AbstractContextLoader    : Could not detect default resource locations for test class [com.eficode.buggywebservice.controller.EmployeeInformationControllerTest]: no resource found for suffixes {-context.xml, Context.groovy}.
2017-03-28 13:16:42.536  INFO 8335 --- [           main] t.c.s.AnnotationConfigContextLoaderUtils : Could not detect default configuration classes for test class [com.eficode.buggywebservice.controller.EmployeeInformationControllerTest]: EmployeeInformationControllerTest does not declare any static, non-private, non-final, nested classes annotated with @Configuration.
2017-03-28 13:16:42.551  INFO 8335 --- [           main] .b.t.c.SpringBootTestContextBootstrapper : Found @SpringBootConfiguration com.eficode.buggywebservice.CodereviewApplication for test class com.eficode.buggywebservice.controller.EmployeeInformationControllerTest
2017-03-28 13:16:42.556  INFO 8335 --- [           main] .b.t.c.SpringBootTestContextBootstrapper : Loaded default TestExecutionListener class names from location [META-INF/spring.factories]: [org.springframework.boot.test.mock.mockito.MockitoTestExecutionListener, org.springframework.boot.test.mock.mockito.ResetMocksTestExecutionListener, org.springframework.boot.test.autoconfigure.restdocs.RestDocsTestExecutionListener, org.springframework.boot.test.autoconfigure.web.client.MockRestServiceServerResetTestExecutionListener, org.springframework.boot.test.autoconfigure.web.servlet.MockMvcPrintOnlyOnFailureTestExecutionListener, org.springframework.boot.test.autoconfigure.web.servlet.WebDriverTestExecutionListener, org.springframework.test.context.web.ServletTestExecutionListener, org.springframework.test.context.support.DirtiesContextBeforeModesTestExecutionListener, org.springframework.test.context.support.DependencyInjectionTestExecutionListener, org.springframework.test.context.support.DirtiesContextTestExecutionListener, org.springframework.test.context.transaction.TransactionalTestExecutionListener, org.springframework.test.context.jdbc.SqlScriptsTestExecutionListener]
2017-03-28 13:16:42.562  INFO 8335 --- [           main] .b.t.c.SpringBootTestContextBootstrapper : Using TestExecutionListeners: [org.springframework.test.context.web.ServletTestExecutionListener@7efd28bd, org.springframework.test.context.support.DirtiesContextBeforeModesTestExecutionListener@672b72ba, org.springframework.boot.test.autoconfigure.SpringBootDependencyInjectionTestExecutionListener@7718a40f, org.springframework.test.context.support.DirtiesContextTestExecutionListener@312b34e3, org.springframework.test.context.transaction.TransactionalTestExecutionListener@26844abb, org.springframework.test.context.jdbc.SqlScriptsTestExecutionListener@1a865273, org.springframework.boot.test.mock.mockito.MockitoTestExecutionListener@288ca5f0, org.springframework.boot.test.autoconfigure.web.client.MockRestServiceServerResetTestExecutionListener@4068102e, org.springframework.boot.test.autoconfigure.web.servlet.MockMvcPrintOnlyOnFailureTestExecutionListener@44bd4b0a, org.springframework.boot.test.mock.mockito.ResetMocksTestExecutionListener@6c008c24, org.springframework.boot.test.autoconfigure.web.servlet.WebDriverTestExecutionListener@216e0771, org.springframework.boot.test.autoconfigure.restdocs.RestDocsTestExecutionListener@21079a12]

  .   ____          _            __ _ _
 /\\ / ___'_ __ _ _(_)_ __  __ _ \ \ \ \
( ( )\___ | '_ | '_| | '_ \/ _` | \ \ \ \
 \\/  ___)| |_)| | | | | || (_| |  ) ) ) )
  '  |____| .__|_| |_|_| |_\__, | / / / /
 =========|_|==============|___/=/_/_/_/
 :: Spring Boot ::        (v1.5.2.RELEASE)

2017-03-28 13:16:42.630  INFO 8335 --- [           main] .e.b.c.EmployeeInformationControllerTest : Starting EmployeeInformationControllerTest on Kais-MacBook-Pro.local with PID 8335 (started by kjokiniemi in /Users/kjokiniemi/Downloads/Archive)
2017-03-28 13:16:42.631  INFO 8335 --- [           main] .e.b.c.EmployeeInformationControllerTest : No active profile set, falling back to default profiles: default
2017-03-28 13:16:42.635  INFO 8335 --- [           main] ationConfigEmbeddedWebApplicationContext : Refreshing org.springframework.boot.context.embedded.AnnotationConfigEmbeddedWebApplicationContext@7ff35a3f: startup date [Tue Mar 28 13:16:42 EEST 2017]; root of context hierarchy
2017-03-28 13:16:43.127  INFO 8335 --- [           main] org.eclipse.jetty.util.log               : Logging initialized @6051ms to org.eclipse.jetty.util.log.Slf4jLog
2017-03-28 13:16:43.266  INFO 8335 --- [           main] e.j.JettyEmbeddedServletContainerFactory : Server initialized with port: 0
2017-03-28 13:16:43.270  INFO 8335 --- [           main] org.eclipse.jetty.server.Server          : jetty-9.4.2.v20170220
2017-03-28 13:16:43.611  INFO 8335 --- [           main] org.eclipse.jetty.server.session         : DefaultSessionIdManager workerName=node0
2017-03-28 13:16:43.611  INFO 8335 --- [           main] org.eclipse.jetty.server.session         : No SessionScavenger set, using defaults
2017-03-28 13:16:43.613  INFO 8335 --- [           main] org.eclipse.jetty.server.session         : Scavenging every 660000ms
2017-03-28 13:16:43.618  INFO 8335 --- [           main] o.e.jetty.ContextHandler.application     : Initializing Spring embedded WebApplicationContext
2017-03-28 13:16:43.618  INFO 8335 --- [           main] o.s.web.context.ContextLoader            : Root WebApplicationContext: initialization completed in 984 ms
2017-03-28 13:16:43.726  INFO 8335 --- [           main] o.s.b.w.servlet.ServletRegistrationBean  : Mapping servlet: 'dispatcherServlet' to [/]
2017-03-28 13:16:43.729  INFO 8335 --- [           main] o.s.b.w.servlet.FilterRegistrationBean   : Mapping filter: 'characterEncodingFilter' to: [/*]
2017-03-28 13:16:43.730  INFO 8335 --- [           main] o.s.b.w.servlet.FilterRegistrationBean   : Mapping filter: 'hiddenHttpMethodFilter' to: [/*]
2017-03-28 13:16:43.730  INFO 8335 --- [           main] o.s.b.w.servlet.FilterRegistrationBean   : Mapping filter: 'httpPutFormContentFilter' to: [/*]
2017-03-28 13:16:43.731  INFO 8335 --- [           main] o.s.b.w.servlet.FilterRegistrationBean   : Mapping filter: 'requestContextFilter' to: [/*]
2017-03-28 13:16:43.848  INFO 8335 --- [           main] o.e.jetty.server.handler.ContextHandler  : Started o.s.b.c.e.j.JettyEmbeddedWebAppContext@7c37f145{/,[file:///private/var/folders/yl/7gf32ybn1yv0jdf35s9vdyk00000gn/T/jetty-docbase.605672865848567110.0/],AVAILABLE}
2017-03-28 13:16:43.849  INFO 8335 --- [           main] org.eclipse.jetty.server.Server          : Started @6774ms
2017-03-28 13:16:44.022  INFO 8335 --- [           main] org.mongodb.driver.cluster               : Cluster created with settings {hosts=[localhost:27017], mode=SINGLE, requiredClusterType=UNKNOWN, serverSelectionTimeout='30000 ms', maxWaitQueueSize=500}
2017-03-28 13:16:44.025  INFO 8335 --- [localhost:27017] org.mongodb.driver.cluster               : Exception in monitor thread while connecting to server localhost:27017

com.mongodb.MongoSocketOpenException: Exception opening socket
	at com.mongodb.connection.SocketStream.open(SocketStream.java:63) ~[mongodb-driver-core-3.4.2.jar:na]
	at com.mongodb.connection.InternalStreamConnection.open(InternalStreamConnection.java:115) ~[mongodb-driver-core-3.4.2.jar:na]
	at com.mongodb.connection.DefaultServerMonitor$ServerMonitorRunnable.run(DefaultServerMonitor.java:113) ~[mongodb-driver-core-3.4.2.jar:na]
	at java.lang.Thread.run(Thread.java:745) [na:1.8.0_121]
Caused by: java.net.ConnectException: Connection refused (Connection refused)
	at java.net.PlainSocketImpl.socketConnect(Native Method) ~[na:1.8.0_121]
	at java.net.AbstractPlainSocketImpl.doConnect(AbstractPlainSocketImpl.java:350) ~[na:1.8.0_121]
	at java.net.AbstractPlainSocketImpl.connectToAddress(AbstractPlainSocketImpl.java:206) ~[na:1.8.0_121]
	at java.net.AbstractPlainSocketImpl.connect(AbstractPlainSocketImpl.java:188) ~[na:1.8.0_121]
	at java.net.SocksSocketImpl.connect(SocksSocketImpl.java:392) ~[na:1.8.0_121]
	at java.net.Socket.connect(Socket.java:589) ~[na:1.8.0_121]
	at com.mongodb.connection.SocketStreamHelper.initialize(SocketStreamHelper.java:57) ~[mongodb-driver-core-3.4.2.jar:na]
	at com.mongodb.connection.SocketStream.open(SocketStream.java:58) ~[mongodb-driver-core-3.4.2.jar:na]
	... 3 common frames omitted

2017-03-28 13:16:44.200  INFO 8335 --- [           main] s.w.s.m.m.a.RequestMappingHandlerAdapter : Looking for @ControllerAdvice: org.springframework.boot.context.embedded.AnnotationConfigEmbeddedWebApplicationContext@7ff35a3f: startup date [Tue Mar 28 13:16:42 EEST 2017]; root of context hierarchy
2017-03-28 13:16:44.217  INFO 8335 --- [           main] s.w.s.m.m.a.RequestMappingHandlerMapping : Mapped "{[/byName],methods=[POST]}" onto public org.springframework.http.ResponseEntity<com.eficode.buggywebservice.domain.EmployeeInformationResponse> com.eficode.buggywebservice.controller.EmployeeInformationController.findByName(com.eficode.buggywebservice.domain.EmployeeInformationRequest)
2017-03-28 13:16:44.218  INFO 8335 --- [           main] s.w.s.m.m.a.RequestMappingHandlerMapping : Mapped "{[/all],methods=[GET]}" onto public org.springframework.http.ResponseEntity<com.eficode.buggywebservice.domain.EmployeeInformationResponse> com.eficode.buggywebservice.controller.EmployeeInformationController.findAllName()
2017-03-28 13:16:44.219  INFO 8335 --- [           main] s.w.s.m.m.a.RequestMappingHandlerMapping : Mapped "{[/login],methods=[POST]}" onto public org.springframework.http.ResponseEntity<java.lang.Boolean> com.eficode.buggywebservice.controller.LoginController.login(com.eficode.buggywebservice.domain.LoginRequest)
2017-03-28 13:16:44.221  INFO 8335 --- [           main] s.w.s.m.m.a.RequestMappingHandlerMapping : Mapped "{[/error]}" onto public org.springframework.http.ResponseEntity<java.util.Map<java.lang.String, java.lang.Object>> org.springframework.boot.autoconfigure.web.BasicErrorController.error(javax.servlet.http.HttpServletRequest)
2017-03-28 13:16:44.221  INFO 8335 --- [           main] s.w.s.m.m.a.RequestMappingHandlerMapping : Mapped "{[/error],produces=[text/html]}" onto public org.springframework.web.servlet.ModelAndView org.springframework.boot.autoconfigure.web.BasicErrorController.errorHtml(javax.servlet.http.HttpServletRequest,javax.servlet.http.HttpServletResponse)
2017-03-28 13:16:44.262  INFO 8335 --- [           main] o.s.w.s.handler.SimpleUrlHandlerMapping  : Mapped URL path [/webjars/**] onto handler of type [class org.springframework.web.servlet.resource.ResourceHttpRequestHandler]
2017-03-28 13:16:44.263  INFO 8335 --- [           main] o.s.w.s.handler.SimpleUrlHandlerMapping  : Mapped URL path [/**] onto handler of type [class org.springframework.web.servlet.resource.ResourceHttpRequestHandler]
2017-03-28 13:16:44.316  INFO 8335 --- [           main] o.s.w.s.handler.SimpleUrlHandlerMapping  : Mapped URL path [/**/favicon.ico] onto handler of type [class org.springframework.web.servlet.resource.ResourceHttpRequestHandler]
2017-03-28 13:16:44.484  INFO 8335 --- [           main] o.e.jetty.ContextHandler.application     : Initializing Spring FrameworkServlet 'dispatcherServlet'
2017-03-28 13:16:44.484  INFO 8335 --- [           main] o.s.web.servlet.DispatcherServlet        : FrameworkServlet 'dispatcherServlet': initialization started
2017-03-28 13:16:44.501  INFO 8335 --- [           main] o.s.web.servlet.DispatcherServlet        : FrameworkServlet 'dispatcherServlet': initialization completed in 15 ms
2017-03-28 13:16:44.560  INFO 8335 --- [           main] o.e.jetty.server.AbstractConnector       : Started ServerConnector@53ce2392{HTTP/1.1,[http/1.1]}{0.0.0.0:55658}
2017-03-28 13:16:44.562  INFO 8335 --- [           main] .s.b.c.e.j.JettyEmbeddedServletContainer : Jetty started on port(s) 55658 (http/1.1)
2017-03-28 13:16:44.566  INFO 8335 --- [           main] .e.b.c.EmployeeInformationControllerTest : Started EmployeeInformationControllerTest in 1.992 seconds (JVM running for 7.491)
2017-03-28 13:16:44.903  INFO 8335 --- [tp1679160862-24] org.mongodb.driver.cluster               : No server chosen by ReadPreferenceServerSelector{readPreference=primary} from cluster description ClusterDescription{type=UNKNOWN, connectionMode=SINGLE, serverDescriptions=[ServerDescription{address=localhost:27017, type=UNKNOWN, state=CONNECTING, exception={com.mongodb.MongoSocketOpenException: Exception opening socket}, caused by {java.net.ConnectException: Connection refused (Connection refused)}}]}. Waiting for 30000 ms before timing out
2017-03-28 13:17:14.914  WARN 8335 --- [tp1679160862-24] org.eclipse.jetty.server.HttpChannel     : /all

org.springframework.web.util.NestedServletException: Request processing failed; nested exception is org.springframework.dao.DataAccessResourceFailureException: Timed out after 30000 ms while waiting for a server that matches ReadPreferenceServerSelector{readPreference=primary}. Client view of cluster state is {type=UNKNOWN, servers=[{address=localhost:27017, type=UNKNOWN, state=CONNECTING, exception={com.mongodb.MongoSocketOpenException: Exception opening socket}, caused by {java.net.ConnectException: Connection refused (Connection refused)}}]; nested exception is com.mongodb.MongoTimeoutException: Timed out after 30000 ms while waiting for a server that matches ReadPreferenceServerSelector{readPreference=primary}. Client view of cluster state is {type=UNKNOWN, servers=[{address=localhost:27017, type=UNKNOWN, state=CONNECTING, exception={com.mongodb.MongoSocketOpenException: Exception opening socket}, caused by {java.net.ConnectException: Connection refused (Connection refused)}}]
	at org.springframework.web.servlet.FrameworkServlet.processRequest(FrameworkServlet.java:982) ~[spring-webmvc-4.3.7.RELEASE.jar:4.3.7.RELEASE]
	at org.springframework.web.servlet.FrameworkServlet.doGet(FrameworkServlet.java:861) ~[spring-webmvc-4.3.7.RELEASE.jar:4.3.7.RELEASE]
	at javax.servlet.http.HttpServlet.service(HttpServlet.java:687) ~[javax.servlet-api-3.1.0.jar:3.1.0]
	at org.springframework.web.servlet.FrameworkServlet.service(FrameworkServlet.java:846) ~[spring-webmvc-4.3.7.RELEASE.jar:4.3.7.RELEASE]
	at javax.servlet.http.HttpServlet.service(HttpServlet.java:790) ~[javax.servlet-api-3.1.0.jar:3.1.0]
	at org.eclipse.jetty.servlet.ServletHolder.handle(ServletHolder.java:841) ~[jetty-servlet-9.4.2.v20170220.jar:9.4.2.v20170220]
	at org.eclipse.jetty.servlet.ServletHandler$CachedChain.doFilter(ServletHandler.java:1634) ~[jetty-servlet-9.4.2.v20170220.jar:9.4.2.v20170220]
	at org.eclipse.jetty.websocket.server.WebSocketUpgradeFilter.doFilter(WebSocketUpgradeFilter.java:206) ~[websocket-server-9.4.2.v20170220.jar:9.4.2.v20170220]
	at org.eclipse.jetty.servlet.ServletHandler$CachedChain.doFilter(ServletHandler.java:1621) ~[jetty-servlet-9.4.2.v20170220.jar:9.4.2.v20170220]
	at org.springframework.web.filter.RequestContextFilter.doFilterInternal(RequestContextFilter.java:99) ~[spring-web-4.3.7.RELEASE.jar:4.3.7.RELEASE]
	at org.springframework.web.filter.OncePerRequestFilter.doFilter(OncePerRequestFilter.java:107) ~[spring-web-4.3.7.RELEASE.jar:4.3.7.RELEASE]
	at org.eclipse.jetty.servlet.ServletHandler$CachedChain.doFilter(ServletHandler.java:1621) ~[jetty-servlet-9.4.2.v20170220.jar:9.4.2.v20170220]
	at org.springframework.web.filter.HttpPutFormContentFilter.doFilterInternal(HttpPutFormContentFilter.java:105) ~[spring-web-4.3.7.RELEASE.jar:4.3.7.RELEASE]
	at org.springframework.web.filter.OncePerRequestFilter.doFilter(OncePerRequestFilter.java:107) ~[spring-web-4.3.7.RELEASE.jar:4.3.7.RELEASE]
	at org.eclipse.jetty.servlet.ServletHandler$CachedChain.doFilter(ServletHandler.java:1621) ~[jetty-servlet-9.4.2.v20170220.jar:9.4.2.v20170220]
	at org.springframework.web.filter.HiddenHttpMethodFilter.doFilterInternal(HiddenHttpMethodFilter.java:81) ~[spring-web-4.3.7.RELEASE.jar:4.3.7.RELEASE]
	at org.springframework.web.filter.OncePerRequestFilter.doFilter(OncePerRequestFilter.java:107) ~[spring-web-4.3.7.RELEASE.jar:4.3.7.RELEASE]
	at org.eclipse.jetty.servlet.ServletHandler$CachedChain.doFilter(ServletHandler.java:1621) ~[jetty-servlet-9.4.2.v20170220.jar:9.4.2.v20170220]
	at org.springframework.web.filter.CharacterEncodingFilter.doFilterInternal(CharacterEncodingFilter.java:197) ~[spring-web-4.3.7.RELEASE.jar:4.3.7.RELEASE]
	at org.springframework.web.filter.OncePerRequestFilter.doFilter(OncePerRequestFilter.java:107) ~[spring-web-4.3.7.RELEASE.jar:4.3.7.RELEASE]
	at org.eclipse.jetty.servlet.ServletHandler$CachedChain.doFilter(ServletHandler.java:1621) ~[jetty-servlet-9.4.2.v20170220.jar:9.4.2.v20170220]
	at org.eclipse.jetty.servlet.ServletHandler.doHandle(ServletHandler.java:541) ~[jetty-servlet-9.4.2.v20170220.jar:9.4.2.v20170220]
	at org.eclipse.jetty.server.handler.ScopedHandler.handle(ScopedHandler.java:143) ~[jetty-server-9.4.2.v20170220.jar:9.4.2.v20170220]
	at org.eclipse.jetty.security.SecurityHandler.handle(SecurityHandler.java:548) ~[jetty-security-9.4.2.v20170220.jar:9.4.2.v20170220]
	at org.eclipse.jetty.server.handler.HandlerWrapper.handle(HandlerWrapper.java:132) ~[jetty-server-9.4.2.v20170220.jar:9.4.2.v20170220]
	at org.eclipse.jetty.server.handler.ScopedHandler.nextHandle(ScopedHandler.java:190) ~[jetty-server-9.4.2.v20170220.jar:9.4.2.v20170220]
	at org.eclipse.jetty.server.session.SessionHandler.doHandle(SessionHandler.java:1592) ~[jetty-server-9.4.2.v20170220.jar:9.4.2.v20170220]
	at org.eclipse.jetty.server.handler.ScopedHandler.nextHandle(ScopedHandler.java:188) ~[jetty-server-9.4.2.v20170220.jar:9.4.2.v20170220]
	at org.eclipse.jetty.server.handler.ContextHandler.doHandle(ContextHandler.java:1239) ~[jetty-server-9.4.2.v20170220.jar:9.4.2.v20170220]
	at org.eclipse.jetty.server.handler.ScopedHandler.nextScope(ScopedHandler.java:168) ~[jetty-server-9.4.2.v20170220.jar:9.4.2.v20170220]
	at org.eclipse.jetty.servlet.ServletHandler.doScope(ServletHandler.java:481) ~[jetty-servlet-9.4.2.v20170220.jar:9.4.2.v20170220]
	at org.eclipse.jetty.server.session.SessionHandler.doScope(SessionHandler.java:1561) ~[jetty-server-9.4.2.v20170220.jar:9.4.2.v20170220]
	at org.eclipse.jetty.server.handler.ScopedHandler.nextScope(ScopedHandler.java:166) ~[jetty-server-9.4.2.v20170220.jar:9.4.2.v20170220]
	at org.eclipse.jetty.server.handler.ContextHandler.doScope(ContextHandler.java:1141) ~[jetty-server-9.4.2.v20170220.jar:9.4.2.v20170220]
	at org.eclipse.jetty.server.handler.ScopedHandler.handle(ScopedHandler.java:141) ~[jetty-server-9.4.2.v20170220.jar:9.4.2.v20170220]
	at org.eclipse.jetty.server.handler.HandlerWrapper.handle(HandlerWrapper.java:132) ~[jetty-server-9.4.2.v20170220.jar:9.4.2.v20170220]
	at org.eclipse.jetty.server.Server.handle(Server.java:564) ~[jetty-server-9.4.2.v20170220.jar:9.4.2.v20170220]
	at org.eclipse.jetty.server.HttpChannel.handle(HttpChannel.java:320) ~[jetty-server-9.4.2.v20170220.jar:9.4.2.v20170220]
	at org.eclipse.jetty.server.HttpConnection.onFillable(HttpConnection.java:251) [jetty-server-9.4.2.v20170220.jar:9.4.2.v20170220]
	at org.eclipse.jetty.io.AbstractConnection$ReadCallback.succeeded(AbstractConnection.java:279) [jetty-io-9.4.2.v20170220.jar:9.4.2.v20170220]
	at org.eclipse.jetty.io.FillInterest.fillable(FillInterest.java:110) [jetty-io-9.4.2.v20170220.jar:9.4.2.v20170220]
	at org.eclipse.jetty.io.ChannelEndPoint$2.run(ChannelEndPoint.java:124) [jetty-io-9.4.2.v20170220.jar:9.4.2.v20170220]
	at org.eclipse.jetty.util.thread.QueuedThreadPool.runJob(QueuedThreadPool.java:672) [jetty-util-9.4.2.v20170220.jar:9.4.2.v20170220]
	at org.eclipse.jetty.util.thread.QueuedThreadPool$2.run(QueuedThreadPool.java:590) [jetty-util-9.4.2.v20170220.jar:9.4.2.v20170220]
	at java.lang.Thread.run(Thread.java:745) [na:1.8.0_121]
Caused by: org.springframework.dao.DataAccessResourceFailureException: Timed out after 30000 ms while waiting for a server that matches ReadPreferenceServerSelector{readPreference=primary}. Client view of cluster state is {type=UNKNOWN, servers=[{address=localhost:27017, type=UNKNOWN, state=CONNECTING, exception={com.mongodb.MongoSocketOpenException: Exception opening socket}, caused by {java.net.ConnectException: Connection refused (Connection refused)}}]; nested exception is com.mongodb.MongoTimeoutException: Timed out after 30000 ms while waiting for a server that matches ReadPreferenceServerSelector{readPreference=primary}. Client view of cluster state is {type=UNKNOWN, servers=[{address=localhost:27017, type=UNKNOWN, state=CONNECTING, exception={com.mongodb.MongoSocketOpenException: Exception opening socket}, caused by {java.net.ConnectException: Connection refused (Connection refused)}}]
	at org.springframework.data.mongodb.core.MongoExceptionTranslator.translateExceptionIfPossible(MongoExceptionTranslator.java:77) ~[spring-data-mongodb-1.10.1.RELEASE.jar:na]
	at org.springframework.data.mongodb.core.MongoTemplate.potentiallyConvertRuntimeException(MongoTemplate.java:2135) ~[spring-data-mongodb-1.10.1.RELEASE.jar:na]
	at org.springframework.data.mongodb.core.MongoTemplate.executeFindMultiInternal(MongoTemplate.java:1978) ~[spring-data-mongodb-1.10.1.RELEASE.jar:na]
	at org.springframework.data.mongodb.core.MongoTemplate.doFind(MongoTemplate.java:1784) ~[spring-data-mongodb-1.10.1.RELEASE.jar:na]
	at org.springframework.data.mongodb.core.MongoTemplate.doFind(MongoTemplate.java:1767) ~[spring-data-mongodb-1.10.1.RELEASE.jar:na]
	at org.springframework.data.mongodb.core.MongoTemplate.find(MongoTemplate.java:641) ~[spring-data-mongodb-1.10.1.RELEASE.jar:na]
	at org.springframework.data.mongodb.repository.support.SimpleMongoRepository.findAll(SimpleMongoRepository.java:359) ~[spring-data-mongodb-1.10.1.RELEASE.jar:na]
	at org.springframework.data.mongodb.repository.support.SimpleMongoRepository.findAll(SimpleMongoRepository.java:197) ~[spring-data-mongodb-1.10.1.RELEASE.jar:na]
	at org.springframework.data.mongodb.repository.support.SimpleMongoRepository.findAll(SimpleMongoRepository.java:51) ~[spring-data-mongodb-1.10.1.RELEASE.jar:na]
	at sun.reflect.NativeMethodAccessorImpl.invoke0(Native Method) ~[na:1.8.0_121]
	at sun.reflect.NativeMethodAccessorImpl.invoke(NativeMethodAccessorImpl.java:62) ~[na:1.8.0_121]
	at sun.reflect.DelegatingMethodAccessorImpl.invoke(DelegatingMethodAccessorImpl.java:43) ~[na:1.8.0_121]
	at java.lang.reflect.Method.invoke(Method.java:498) ~[na:1.8.0_121]
	at org.springframework.data.repository.core.support.RepositoryFactorySupport$QueryExecutorMethodInterceptor.executeMethodOn(RepositoryFactorySupport.java:504) ~[spring-data-commons-1.13.1.RELEASE.jar:na]
	at org.springframework.data.repository.core.support.RepositoryFactorySupport$QueryExecutorMethodInterceptor.doInvoke(RepositoryFactorySupport.java:489) ~[spring-data-commons-1.13.1.RELEASE.jar:na]
	at org.springframework.data.repository.core.support.RepositoryFactorySupport$QueryExecutorMethodInterceptor.invoke(RepositoryFactorySupport.java:461) ~[spring-data-commons-1.13.1.RELEASE.jar:na]
	at org.springframework.aop.framework.ReflectiveMethodInvocation.proceed(ReflectiveMethodInvocation.java:179) ~[spring-aop-4.3.7.RELEASE.jar:4.3.7.RELEASE]
	at org.springframework.data.projection.DefaultMethodInvokingMethodInterceptor.invoke(DefaultMethodInvokingMethodInterceptor.java:61) ~[spring-data-commons-1.13.1.RELEASE.jar:na]
	at org.springframework.aop.framework.ReflectiveMethodInvocation.proceed(ReflectiveMethodInvocation.java:179) ~[spring-aop-4.3.7.RELEASE.jar:4.3.7.RELEASE]
	at org.springframework.aop.interceptor.ExposeInvocationInterceptor.invoke(ExposeInvocationInterceptor.java:92) ~[spring-aop-4.3.7.RELEASE.jar:4.3.7.RELEASE]
	at org.springframework.aop.framework.ReflectiveMethodInvocation.proceed(ReflectiveMethodInvocation.java:179) ~[spring-aop-4.3.7.RELEASE.jar:4.3.7.RELEASE]
	at org.springframework.data.repository.core.support.SurroundingTransactionDetectorMethodInterceptor.invoke(SurroundingTransactionDetectorMethodInterceptor.java:57) ~[spring-data-commons-1.13.1.RELEASE.jar:na]
	at org.springframework.aop.framework.ReflectiveMethodInvocation.proceed(ReflectiveMethodInvocation.java:179) ~[spring-aop-4.3.7.RELEASE.jar:4.3.7.RELEASE]
	at org.springframework.aop.framework.JdkDynamicAopProxy.invoke(JdkDynamicAopProxy.java:213) ~[spring-aop-4.3.7.RELEASE.jar:4.3.7.RELEASE]
	at com.sun.proxy.$Proxy73.findAll(Unknown Source) ~[na:na]
	at com.eficode.buggywebservice.service.EmployeeInformationService.getAll(EmployeeInformationService.java:18) ~[classes/:na]
	at com.eficode.buggywebservice.controller.EmployeeInformationController.findAllName(EmployeeInformationController.java:32) ~[classes/:na]
	at sun.reflect.NativeMethodAccessorImpl.invoke0(Native Method) ~[na:1.8.0_121]
	at sun.reflect.NativeMethodAccessorImpl.invoke(NativeMethodAccessorImpl.java:62) ~[na:1.8.0_121]
	at sun.reflect.DelegatingMethodAccessorImpl.invoke(DelegatingMethodAccessorImpl.java:43) ~[na:1.8.0_121]
	at java.lang.reflect.Method.invoke(Method.java:498) ~[na:1.8.0_121]
	at org.springframework.web.method.support.InvocableHandlerMethod.doInvoke(InvocableHandlerMethod.java:205) ~[spring-web-4.3.7.RELEASE.jar:4.3.7.RELEASE]
	at org.springframework.web.method.support.InvocableHandlerMethod.invokeForRequest(InvocableHandlerMethod.java:133) ~[spring-web-4.3.7.RELEASE.jar:4.3.7.RELEASE]
	at org.springframework.web.servlet.mvc.method.annotation.ServletInvocableHandlerMethod.invokeAndHandle(ServletInvocableHandlerMethod.java:116) ~[spring-webmvc-4.3.7.RELEASE.jar:4.3.7.RELEASE]
	at org.springframework.web.servlet.mvc.method.annotation.RequestMappingHandlerAdapter.invokeHandlerMethod(RequestMappingHandlerAdapter.java:827) ~[spring-webmvc-4.3.7.RELEASE.jar:4.3.7.RELEASE]
	at org.springframework.web.servlet.mvc.method.annotation.RequestMappingHandlerAdapter.handleInternal(RequestMappingHandlerAdapter.java:738) ~[spring-webmvc-4.3.7.RELEASE.jar:4.3.7.RELEASE]
	at org.springframework.web.servlet.mvc.method.AbstractHandlerMethodAdapter.handle(AbstractHandlerMethodAdapter.java:85) ~[spring-webmvc-4.3.7.RELEASE.jar:4.3.7.RELEASE]
	at org.springframework.web.servlet.DispatcherServlet.doDispatch(DispatcherServlet.java:963) ~[spring-webmvc-4.3.7.RELEASE.jar:4.3.7.RELEASE]
	at org.springframework.web.servlet.DispatcherServlet.doService(DispatcherServlet.java:897) ~[spring-webmvc-4.3.7.RELEASE.jar:4.3.7.RELEASE]
	at org.springframework.web.servlet.FrameworkServlet.processRequest(FrameworkServlet.java:970) ~[spring-webmvc-4.3.7.RELEASE.jar:4.3.7.RELEASE]
	... 44 common frames omitted
Caused by: com.mongodb.MongoTimeoutException: Timed out after 30000 ms while waiting for a server that matches ReadPreferenceServerSelector{readPreference=primary}. Client view of cluster state is {type=UNKNOWN, servers=[{address=localhost:27017, type=UNKNOWN, state=CONNECTING, exception={com.mongodb.MongoSocketOpenException: Exception opening socket}, caused by {java.net.ConnectException: Connection refused (Connection refused)}}]
	at com.mongodb.connection.BaseCluster.createTimeoutException(BaseCluster.java:377) ~[mongodb-driver-core-3.4.2.jar:na]
	at com.mongodb.connection.BaseCluster.selectServer(BaseCluster.java:104) ~[mongodb-driver-core-3.4.2.jar:na]
	at com.mongodb.binding.ClusterBinding$ClusterBindingConnectionSource.<init>(ClusterBinding.java:75) ~[mongodb-driver-core-3.4.2.jar:na]
	at com.mongodb.binding.ClusterBinding$ClusterBindingConnectionSource.<init>(ClusterBinding.java:71) ~[mongodb-driver-core-3.4.2.jar:na]
	at com.mongodb.binding.ClusterBinding.getReadConnectionSource(ClusterBinding.java:63) ~[mongodb-driver-core-3.4.2.jar:na]
	at com.mongodb.operation.OperationHelper.withConnection(OperationHelper.java:402) ~[mongodb-driver-core-3.4.2.jar:na]
	at com.mongodb.operation.FindOperation.execute(FindOperation.java:510) ~[mongodb-driver-core-3.4.2.jar:na]
	at com.mongodb.operation.FindOperation.execute(FindOperation.java:81) ~[mongodb-driver-core-3.4.2.jar:na]
	at com.mongodb.Mongo.execute(Mongo.java:836) ~[mongodb-driver-3.4.2.jar:na]
	at com.mongodb.Mongo$2.execute(Mongo.java:823) ~[mongodb-driver-3.4.2.jar:na]
	at com.mongodb.DBCursor.initializeCursor(DBCursor.java:870) ~[mongodb-driver-3.4.2.jar:na]
	at com.mongodb.DBCursor.hasNext(DBCursor.java:142) ~[mongodb-driver-3.4.2.jar:na]
	at org.springframework.data.mongodb.core.MongoTemplate.executeFindMultiInternal(MongoTemplate.java:1964) ~[spring-data-mongodb-1.10.1.RELEASE.jar:na]
	... 81 common frames omitted

]]></system-out>
  </testcase>
</testsuite>