<?xml version="1.0" encoding="UTF-8"?>
<testsuite name="com.eficode.buggywebservice.repository.LoginRepositoryTest" time="0.008" tests="1" errors="1" skipped="0" failures="0">
  <properties>
[...]
</properties>
  <testcase name="testInsertAndSelect" classname="com.eficode.buggywebservice.repository.LoginRepositoryTest" time="0.008">
    <error message="Unresolved compilation problems: &#10;	Syntax error, insert &quot;;&quot; to complete MethodDeclaration&#10;	loginRepository cannot be resolved&#10;	loginRepository cannot be resolved&#10;	loginRepository cannot be resolved&#10;" type="java.lang.Error"><![CDATA[java.lang.Error: Unresolved compilation problems: 
	Syntax error, insert ";" to complete MethodDeclaration
	loginRepository cannot be resolved
	loginRepository cannot be resolved
	loginRepository cannot be resolved

	at com.eficode.buggywebservice.repository.LoginRepositoryTest.<init>(LoginRepositoryTest.java:25)
]]></error>
    <system-out><![CDATA[2021-01-11 11:35:04.824  INFO 21328 --- [           main] .b.t.c.SpringBootTestContextBootstrapper : Neither @ContextConfiguration nor @ContextHierarchy found for test class [com.eficode.buggywebservice.repository.LoginRepositoryTest], using SpringBootContextLoader
2021-01-11 11:35:04.825  INFO 21328 --- [           main] o.s.t.c.support.AbstractContextLoader    : Could not detect default resource locations for test class [com.eficode.buggywebservice.repository.LoginRepositoryTest]: no resource found for suffixes {-context.xml, Context.groovy}.
2021-01-11 11:35:04.825  INFO 21328 --- [           main] t.c.s.AnnotationConfigContextLoaderUtils : Could not detect default configuration classes for test class [com.eficode.buggywebservice.repository.LoginRepositoryTest]: LoginRepositoryTest does not declare any static, non-private, non-final, nested classes annotated with @Configuration.
2021-01-11 11:35:04.829  INFO 21328 --- [           main] .b.t.c.SpringBootTestContextBootstrapper : Found @SpringBootConfiguration com.eficode.buggywebservice.CodereviewApplication for test class com.eficode.buggywebservice.repository.LoginRepositoryTest
2021-01-11 11:35:04.832  INFO 21328 --- [           main] .b.t.c.SpringBootTestContextBootstrapper : Loaded default TestExecutionListener class names from location [META-INF/spring.factories]: [org.springframework.boot.test.mock.mockito.MockitoTestExecutionListener, org.springframework.boot.test.mock.mockito.ResetMocksTestExecutionListener, org.springframework.boot.test.autoconfigure.restdocs.RestDocsTestExecutionListener, org.springframework.boot.test.autoconfigure.web.client.MockRestServiceServerResetTestExecutionListener, org.springframework.boot.test.autoconfigure.web.servlet.MockMvcPrintOnlyOnFailureTestExecutionListener, org.springframework.boot.test.autoconfigure.web.servlet.WebDriverTestExecutionListener, org.springframework.test.context.web.ServletTestExecutionListener, org.springframework.test.context.support.DirtiesContextBeforeModesTestExecutionListener, org.springframework.test.context.support.DependencyInjectionTestExecutionListener, org.springframework.test.context.support.DirtiesContextTestExecutionListener, org.springframework.test.context.transaction.TransactionalTestExecutionListener, org.springframework.test.context.jdbc.SqlScriptsTestExecutionListener]
2021-01-11 11:35:04.836  INFO 21328 --- [           main] .b.t.c.SpringBootTestContextBootstrapper : Using TestExecutionListeners: [org.springframework.test.context.web.ServletTestExecutionListener@5fcd1f0a, org.springframework.test.context.support.DirtiesContextBeforeModesTestExecutionListener@7e64c1a9, org.springframework.boot.test.autoconfigure.SpringBootDependencyInjectionTestExecutionListener@7fda2001, org.springframework.test.context.support.DirtiesContextTestExecutionListener@162c1dfb, org.springframework.test.context.transaction.TransactionalTestExecutionListener@21ae657b, org.springframework.test.context.jdbc.SqlScriptsTestExecutionListener@799f916e, org.springframework.boot.test.autoconfigure.web.servlet.MockMvcPrintOnlyOnFailureTestExecutionListener@576b7c74, org.springframework.boot.test.autoconfigure.restdocs.RestDocsTestExecutionListener@21de60a7, org.springframework.boot.test.autoconfigure.web.client.MockRestServiceServerResetTestExecutionListener@73894c5a, org.springframework.boot.test.mock.mockito.MockitoTestExecutionListener@7698b7a4, org.springframework.boot.test.autoconfigure.web.servlet.WebDriverTestExecutionListener@7a9ceddf, org.springframework.boot.test.mock.mockito.ResetMocksTestExecutionListener@28157173]
]]></system-out>
  </testcase>
</testsuite>