<?xml version="1.0" encoding="UTF-8"?>
<testsuite name="com.eficode.buggywebservice.service.EmployeeInformationServiceTest" time="0.034" tests="2" errors="0" skipped="0" failures="1">
  <properties>
[...]
</properties>
  <testcase name="testSearchAll" classname="com.eficode.buggywebservice.service.EmployeeInformationServiceTest" time="0.03">
    <failure message="&#10;Expected: null&#10;     but: was &lt;[]&gt;" type="java.lang.AssertionError"><![CDATA[java.lang.AssertionError: 
Expected: null
     but: was <[]>
	at org.hamcrest.MatcherAssert.assertThat(MatcherAssert.java:20)
	at org.junit.Assert.assertThat(Assert.java:956)
	at org.junit.Assert.assertThat(Assert.java:923)
	at com.eficode.buggywebservice.service.EmployeeInformationServiceTest.testSearchAll(EmployeeInformationServiceTest.java:65)
]]></failure>
    <system-out><![CDATA[2021-01-11 11:35:04.845  INFO 21328 --- [           main] .b.t.c.SpringBootTestContextBootstrapper : Neither @ContextConfiguration nor @ContextHierarchy found for test class [com.eficode.buggywebservice.service.EmployeeInformationServiceTest], using SpringBootContextLoader
2021-01-11 11:35:04.846  INFO 21328 --- [           main] o.s.t.c.support.AbstractContextLoader    : Could not detect default resource locations for test class [com.eficode.buggywebservice.service.EmployeeInformationServiceTest]: no resource found for suffixes {-context.xml, Context.groovy}.
2021-01-11 11:35:04.846  INFO 21328 --- [           main] t.c.s.AnnotationConfigContextLoaderUtils : Could not detect default configuration classes for test class [com.eficode.buggywebservice.service.EmployeeInformationServiceTest]: EmployeeInformationServiceTest does not declare any static, non-private, non-final, nested classes annotated with @Configuration.
2021-01-11 11:35:04.850  INFO 21328 --- [           main] .b.t.c.SpringBootTestContextBootstrapper : Found @SpringBootConfiguration com.eficode.buggywebservice.CodereviewApplication for test class com.eficode.buggywebservice.service.EmployeeInformationServiceTest
2021-01-11 11:35:04.880  INFO 21328 --- [           main] .b.t.c.SpringBootTestContextBootstrapper : Loaded default TestExecutionListener class names from location [META-INF/spring.factories]: [org.springframework.boot.test.mock.mockito.MockitoTestExecutionListener, org.springframework.boot.test.mock.mockito.ResetMocksTestExecutionListener, org.springframework.boot.test.autoconfigure.restdocs.RestDocsTestExecutionListener, org.springframework.boot.test.autoconfigure.web.client.MockRestServiceServerResetTestExecutionListener, org.springframework.boot.test.autoconfigure.web.servlet.MockMvcPrintOnlyOnFailureTestExecutionListener, org.springframework.boot.test.autoconfigure.web.servlet.WebDriverTestExecutionListener, org.springframework.test.context.web.ServletTestExecutionListener, org.springframework.test.context.support.DirtiesContextBeforeModesTestExecutionListener, org.springframework.test.context.support.DependencyInjectionTestExecutionListener, org.springframework.test.context.support.DirtiesContextTestExecutionListener, org.springframework.test.context.transaction.TransactionalTestExecutionListener, org.springframework.test.context.jdbc.SqlScriptsTestExecutionListener]
2021-01-11 11:35:04.889  INFO 21328 --- [           main] .b.t.c.SpringBootTestContextBootstrapper : Using TestExecutionListeners: [org.springframework.test.context.web.ServletTestExecutionListener@15a3b42, org.springframework.test.context.support.DirtiesContextBeforeModesTestExecutionListener@52c9d3d0, org.springframework.boot.test.autoconfigure.SpringBootDependencyInjectionTestExecutionListener@17207f5b, org.springframework.test.context.support.DirtiesContextTestExecutionListener@373052b5, org.springframework.test.context.transaction.TransactionalTestExecutionListener@67e0ff3a, org.springframework.test.context.jdbc.SqlScriptsTestExecutionListener@7b2bf745, org.springframework.boot.test.autoconfigure.web.servlet.MockMvcPrintOnlyOnFailureTestExecutionListener@6fe595dc, org.springframework.boot.test.autoconfigure.restdocs.RestDocsTestExecutionListener@5af5d76f, org.springframework.boot.test.autoconfigure.web.client.MockRestServiceServerResetTestExecutionListener@3a8cea24, org.springframework.boot.test.mock.mockito.MockitoTestExecutionListener@1eb9a3ef, org.springframework.boot.test.autoconfigure.web.servlet.WebDriverTestExecutionListener@5d318e91, org.springframework.boot.test.mock.mockito.ResetMocksTestExecutionListener@298b64f7]

  .   ____          _            __ _ _
 /\\ / ___'_ __ _ _(_)_ __  __ _ \ \ \ \
( ( )\___ | '_ | '_| | '_ \/ _` | \ \ \ \
 \\/  ___)| |_)| | | | | || (_| |  ) ) ) )
  '  |____| .__|_| |_|_| |_\__, | / / / /
 =========|_|==============|___/=/_/_/_/
 :: Spring Boot ::        (v1.5.2.RELEASE)

2021-01-11 11:35:04.938  INFO 21328 --- [           main] c.e.b.s.EmployeeInformationServiceTest   : Starting EmployeeInformationServiceTest on LAPTOP-FKT8J7M0 with PID 21328 (started by Lassi Huhtala in C:\Projects\JavaExercise\ArchiveJava-20210107T094922Z-001\ArchiveJava)
2021-01-11 11:35:04.938  INFO 21328 --- [           main] c.e.b.s.EmployeeInformationServiceTest   : No active profile set, falling back to default profiles: default
2021-01-11 11:35:04.942  INFO 21328 --- [           main] o.s.w.c.s.GenericWebApplicationContext   : Refreshing org.springframework.web.context.support.GenericWebApplicationContext@1f736d00: startup date [Mon Jan 11 11:35:04 EET 2021]; root of context hierarchy
2021-01-11 11:35:05.450  INFO 21328 --- [           main] org.mongodb.driver.cluster               : Cluster created with settings {hosts=[localhost:27017], mode=SINGLE, requiredClusterType=UNKNOWN, serverSelectionTimeout='30000 ms', maxWaitQueueSize=500}
2021-01-11 11:35:05.455  INFO 21328 --- [localhost:27017] org.mongodb.driver.connection            : Opened connection [connectionId{localValue:4, serverValue:25}] to localhost:27017
2021-01-11 11:35:05.456  INFO 21328 --- [localhost:27017] org.mongodb.driver.cluster               : Monitor thread successfully connected to server with description ServerDescription{address=localhost:27017, type=STANDALONE, state=CONNECTED, ok=true, version=ServerVersion{versionList=[4, 4, 3]}, minWireVersion=0, maxWireVersion=9, maxDocumentSize=16777216, roundTripTimeNanos=787600}
2021-01-11 11:35:05.699  INFO 21328 --- [           main] s.w.s.m.m.a.RequestMappingHandlerAdapter : Looking for @ControllerAdvice: org.springframework.web.context.support.GenericWebApplicationContext@1f736d00: startup date [Mon Jan 11 11:35:04 EET 2021]; root of context hierarchy
2021-01-11 11:35:05.713  INFO 21328 --- [           main] s.w.s.m.m.a.RequestMappingHandlerMapping : Mapped "{[/byName],methods=[POST]}" onto public org.springframework.http.ResponseEntity<com.eficode.buggywebservice.domain.EmployeeInformationResponse> com.eficode.buggywebservice.controller.EmployeeInformationController.findByName(com.eficode.buggywebservice.domain.EmployeeInformationRequest)
2021-01-11 11:35:05.713  INFO 21328 --- [           main] s.w.s.m.m.a.RequestMappingHandlerMapping : Mapped "{[/all],methods=[GET]}" onto public org.springframework.http.ResponseEntity<com.eficode.buggywebservice.domain.EmployeeInformationResponse> com.eficode.buggywebservice.controller.EmployeeInformationController.findAllName()
2021-01-11 11:35:05.713  INFO 21328 --- [           main] s.w.s.m.m.a.RequestMappingHandlerMapping : Mapped "{[/login],methods=[POST]}" onto public org.springframework.http.ResponseEntity<java.lang.Boolean> com.eficode.buggywebservice.controller.LoginController.login(com.eficode.buggywebservice.domain.LoginRequest)
2021-01-11 11:35:05.715  INFO 21328 --- [           main] s.w.s.m.m.a.RequestMappingHandlerMapping : Mapped "{[/error]}" onto public org.springframework.http.ResponseEntity<java.util.Map<java.lang.String, java.lang.Object>> org.springframework.boot.autoconfigure.web.BasicErrorController.error(javax.servlet.http.HttpServletRequest)
2021-01-11 11:35:05.716  INFO 21328 --- [           main] s.w.s.m.m.a.RequestMappingHandlerMapping : Mapped "{[/error],produces=[text/html]}" onto public org.springframework.web.servlet.ModelAndView org.springframework.boot.autoconfigure.web.BasicErrorController.errorHtml(javax.servlet.http.HttpServletRequest,javax.servlet.http.HttpServletResponse)
2021-01-11 11:35:05.739  INFO 21328 --- [           main] o.s.w.s.handler.SimpleUrlHandlerMapping  : Mapped URL path [/webjars/**] onto handler of type [class org.springframework.web.servlet.resource.ResourceHttpRequestHandler]
2021-01-11 11:35:05.739  INFO 21328 --- [           main] o.s.w.s.handler.SimpleUrlHandlerMapping  : Mapped URL path [/**] onto handler of type [class org.springframework.web.servlet.resource.ResourceHttpRequestHandler]
2021-01-11 11:35:05.766  INFO 21328 --- [           main] o.s.w.s.handler.SimpleUrlHandlerMapping  : Mapped URL path [/**/favicon.ico] onto handler of type [class org.springframework.web.servlet.resource.ResourceHttpRequestHandler]
2021-01-11 11:35:05.898  INFO 21328 --- [           main] c.e.b.s.EmployeeInformationServiceTest   : Started EmployeeInformationServiceTest in 1.003 seconds (JVM running for 5.965)
]]></system-out>
  </testcase>
  <testcase name="testNameSearch" classname="com.eficode.buggywebservice.service.EmployeeInformationServiceTest" time="0.004"/>
</testsuite>